<?xml version="1.0" encoding="UTF-8"?>
<!-- Generated by org.testng.reporters.JUnitReportReporter -->
<testsuite hostname="Masoods-MBP.home" name="tests.createAcc" tests="1" failures="0" timestamp="8 Sep 2016 03:36:23 GMT" time="23.100" errors="0">
  <testcase name="test2" time="23.100" classname="tests.createAcc"/>
</testsuite> <!-- tests.createAcc -->
