<?xml version="1.0" encoding="UTF-8"?>
<!-- Generated by org.testng.reporters.JUnitReportReporter -->
<testsuite hostname="Masoods-MBP.home" name="tests.test01" tests="1" failures="0" timestamp="8 Sep 2016 03:25:30 GMT" time="9.215" errors="0">
  <testcase name="testUntitled3" time="9.215" classname="tests.test01"/>
</testsuite> <!-- tests.test01 -->
