<?xml version="1.0" encoding="UTF-8"?>
<!-- Generated by org.testng.reporters.JUnitReportReporter -->
<testsuite hostname="Masoods-MBP.home" name="tests.projectAutomationTest" tests="1" failures="0" timestamp="7 Sep 2016 13:56:08 GMT" time="32.500" errors="0">
  <testcase name="test01" time="32.500" classname="tests.projectAutomationTest"/>
</testsuite> <!-- tests.projectAutomationTest -->
