<?xml version="1.0" encoding="UTF-8"?>
<!-- Generated by org.testng.reporters.JUnitReportReporter -->
<testsuite hostname="Masoods-MBP.home" name="tests.regTest" tests="1" failures="0" timestamp="8 Sep 2016 04:50:09 GMT" time="6.393" errors="0">
  <testcase name="regression" time="6.393" classname="tests.regTest"/>
</testsuite> <!-- tests.regTest -->
