<?xml version="1.0" encoding="UTF-8"?>
<!-- Generated by org.testng.reporters.JUnitReportReporter -->
<testsuite hostname="Masoods-MBP.home" name="tests.logInVerification" tests="1" failures="0" timestamp="7 Sep 2016 15:30:56 GMT" time="27.388" errors="0">
  <testcase name="test2" time="27.388" classname="tests.logInVerification"/>
</testsuite> <!-- tests.logInVerification -->
